<?xml version="1.0" encoding="UTF-8"?>
<!-- Generated by org.testng.reporters.JUnitReportReporter -->
<testsuite hostname="DESKTOP-91Q46ME" failures="0" tests="3" name="logger.FlipkartSearchTestLogger" time="23.078" errors="0" timestamp="2025-03-09T13:31:30 IST" skipped="0">
  <testcase classname="logger.FlipkartSearchTestLogger" name="search" time="9.417"/>
  <testcase classname="logger.FlipkartSearchTestLogger" name="search" time="6.797"/>
  <testcase classname="logger.FlipkartSearchTestLogger" name="search" time="6.864"/>
</testsuite> <!-- logger.FlipkartSearchTestLogger -->
