<?xml version="1.0" encoding="UTF-8"?>
<!-- Generated by org.testng.reporters.JUnitReportReporter -->
<testsuite hostname="DESKTOP-91Q46ME" failures="0" tests="2" name="com.TestNG.Annotation" time="0.021" errors="0" timestamp="2025-03-01T17:44:46 IST" skipped="0">
  <testcase classname="com.TestNG.Annotation" name="demo2" time="0.005"/>
  <testcase classname="com.TestNG.Annotation" name="demo" time="0.016"/>
</testsuite> <!-- com.TestNG.Annotation -->
