<?xml version="1.0" encoding="UTF-8"?>
<!-- Generated by org.testng.reporters.JUnitReportReporter -->
<testsuite hostname="DESKTOP-91Q46ME" failures="0" tests="3" name="com.testng.FlipkartSearchTest" time="22.298" errors="0" timestamp="2025-03-02T12:22:57 IST" skipped="0">
  <testcase classname="com.testng.FlipkartSearchTest" name="search" time="6.750"/>
  <testcase classname="com.testng.FlipkartSearchTest" name="search" time="6.778"/>
  <testcase classname="com.testng.FlipkartSearchTest" name="search" time="8.770"/>
</testsuite> <!-- com.testng.FlipkartSearchTest -->
