<?xml version="1.0" encoding="UTF-8"?>
<!-- Generated by org.testng.reporters.JUnitReportReporter -->
<testsuite hostname="DESKTOP-91Q46ME" failures="0" tests="4" name="com.TestNG.TestCasePriorityConvertXML" time="8.826" errors="0" timestamp="2025-02-16T12:37:59 IST" skipped="1">
  <testcase classname="com.TestNG.TestCasePriorityConvertXML" name="amazon" time="4.351"/>
  <testcase classname="com.TestNG.TestCasePriorityConvertXML" name="amazon" time="1.941"/>
  <testcase classname="com.TestNG.TestCasePriorityConvertXML" name="amazon" time="2.534"/>
  <testcase classname="com.TestNG.TestCasePriorityConvertXML" name="facebook">
    <skipped/>
  </testcase> <!-- facebook -->
</testsuite> <!-- com.TestNG.TestCasePriorityConvertXML -->
