<?xml version="1.0" encoding="UTF-8"?>
<!-- Generated by org.testng.reporters.JUnitReportReporter -->
<testsuite hostname="DESKTOP-91Q46ME" failures="0" tests="4" name="com.TestNG.TestCasePriority" time="61.334" errors="0" timestamp="2025-02-16T12:28:06 IST" skipped="1">
  <testcase classname="com.TestNG.TestCasePriority" name="amazon" time="16.759"/>
  <testcase classname="com.TestNG.TestCasePriority" name="amazon" time="3.999"/>
  <testcase classname="com.TestNG.TestCasePriority" name="amazon" time="40.576"/>
  <testcase classname="com.TestNG.TestCasePriority" name="facebook">
    <skipped/>
  </testcase> <!-- facebook -->
</testsuite> <!-- com.TestNG.TestCasePriority -->
